# JRE version: OpenJDK Runtime Environment Temurin-17.0.7+7 (17.0.7+7) (build 17.0.7+7)
# Java VM: OpenJDK 64-Bit Server VM Temurin-17.0.7+7 (17.0.7+7, mixed mode, sharing, tiered, compressed oops, compressed class ptrs, g1 gc, windows-amd64)
GC Precious Log:
 CPUs: 12 total, 12 available
 Memory: 16077M
 Large Page Support: Disabled
 NUMA Support: Disabled
 Compressed Oops: Enabled (Zero based)
 Heap Region Size: 2M
 Heap Min Capacity: 512M
 Heap Initial Capacity: 512M
 Heap Max Capacity: 4072M
 Pre-touch: Disabled
 Parallel Workers: 10
 Concurrent Workers: 3
 Concurrent Refinement Workers: 10
 Periodic GC: Disabled
 String Deduplication is enabled
Heap:
 garbage-first heap   total 524288K, used 189996K [0x0000000701800000, 0x0000000800000000)
  region size 2048K, 40 young (81920K), 2 survivors (4096K)
 Metaspace       used 110687K, committed 111360K, reserved 1179648K
  class space    used 15938K, committed 16384K, reserved 1048576K
GC Heap History (20 events):
Event: 11557.665 GC heap before
{Heap before GC invocations=452 (full 65):
 garbage-first heap   total 524288K, used 190710K [0x0000000701800000, 0x0000000800000000)
  region size 2048K, 40 young (81920K), 2 survivors (4096K)
 Metaspace       used 110678K, committed 111360K, reserved 1179648K
  class space    used 15938K, committed 16384K, reserved 1048576K
}
Event: 11557.672 GC heap after
{Heap after GC invocations=453 (full 65):
 garbage-first heap   total 524288K, used 112802K [0x0000000701800000, 0x0000000800000000)
  region size 2048K, 2 young (4096K), 2 survivors (4096K)
 Metaspace       used 110678K, committed 111360K, reserved 1179648K
  class space    used 15938K, committed 16384K, reserved 1048576K
}
Event: 11565.117 GC heap before
{Heap before GC invocations=453 (full 65):
 garbage-first heap   total 524288K, used 190626K [0x0000000701800000, 0x0000000800000000)
  region size 2048K, 40 young (81920K), 2 survivors (4096K)
 Metaspace       used 110678K, committed 111360K, reserved 1179648K
  class space    used 15938K, committed 16384K, reserved 1048576K
}
Event: 11565.125 GC heap after
{Heap after GC invocations=454 (full 65):
 garbage-first heap   total 524288K, used 112980K [0x0000000701800000, 0x0000000800000000)
  region size 2048K, 3 young (6144K), 3 survivors (6144K)
 Metaspace       used 110678K, committed 111360K, reserved 1179648K
  class space    used 15938K, committed 16384K, reserved 1048576K
}
Event: 11572.076 GC heap before
{Heap before GC invocations=454 (full 65):
 garbage-first heap   total 524288K, used 188756K [0x0000000701800000, 0x0000000800000000)
  region size 2048K, 40 young (81920K), 3 survivors (6144K)
 Metaspace       used 110680K, committed 111360K, reserved 1179648K
  class space    used 15938K, committed 16384K, reserved 1048576K
}
Event: 11572.083 GC heap after
{Heap after GC invocations=455 (full 65):
 garbage-first heap   total 524288K, used 113611K [0x0000000701800000, 0x0000000800000000)
  region size 2048K, 3 young (6144K), 3 survivors (6144K)
 Metaspace       used 110680K, committed 111360K, reserved 1179648K
  class space    used 15938K, committed 16384K, reserved 1048576K
}
Event: 11574.074 GC heap before
{Heap before GC invocations=455 (full 65):
 garbage-first heap   total 524288K, used 189387K [0x0000000701800000, 0x0000000800000000)
  region size 2048K, 40 young (81920K), 3 survivors (6144K)
 Metaspace       used 110680K, committed 111360K, reserved 1179648K
  class space    used 15938K, committed 16384K, reserved 1048576K
}
Event: 11574.084 GC heap after
{Heap after GC invocations=456 (full 65):
 garbage-first heap   total 524288K, used 113709K [0x0000000701800000, 0x0000000800000000)
  region size 2048K, 3 young (6144K), 3 survivors (6144K)
 Metaspace       used 110680K, committed 111360K, reserved 1179648K
  class space    used 15938K, committed 16384K, reserved 1048576K
}
Event: 11576.367 GC heap before
{Heap before GC invocations=456 (full 65):
 garbage-first heap   total 524288K, used 189485K [0x0000000701800000, 0x0000000800000000)
  region size 2048K, 40 young (81920K), 3 survivors (6144K)
 Metaspace       used 110680K, committed 111360K, reserved 1179648K
  class space    used 15938K, committed 16384K, reserved 1048576K
}
Event: 11576.377 GC heap after
{Heap after GC invocations=457 (full 65):
 garbage-first heap   total 524288K, used 113238K [0x0000000701800000, 0x0000000800000000)
  region size 2048K, 3 young (6144K), 3 survivors (6144K)
 Metaspace       used 110680K, committed 111360K, reserved 1179648K
  class space    used 15938K, committed 16384K, reserved 1048576K
}
Event: 11582.126 GC heap before
{Heap before GC invocations=457 (full 65):
 garbage-first heap   total 524288K, used 189014K [0x0000000701800000, 0x0000000800000000)
  region size 2048K, 40 young (81920K), 3 survivors (6144K)
 Metaspace       used 110680K, committed 111360K, reserved 1179648K
  class space    used 15938K, committed 16384K, reserved 1048576K
}
Event: 11582.132 GC heap after
{Heap after GC invocations=458 (full 65):
 garbage-first heap   total 524288K, used 113392K [0x0000000701800000, 0x0000000800000000)
  region size 2048K, 2 young (4096K), 2 survivors (4096K)
 Metaspace       used 110680K, committed 111360K, reserved 1179648K
  class space    used 15938K, committed 16384K, reserved 1048576K
}
Event: 11584.360 GC heap before
{Heap before GC invocations=458 (full 65):
 garbage-first heap   total 524288K, used 191216K [0x0000000701800000, 0x0000000800000000)
  region size 2048K, 40 young (81920K), 2 survivors (4096K)
 Metaspace       used 110681K, committed 111360K, reserved 1179648K
  class space    used 15938K, committed 16384K, reserved 1048576K
}
Event: 11584.365 GC heap after
{Heap after GC invocations=459 (full 65):
 garbage-first heap   total 524288K, used 113845K [0x0000000701800000, 0x0000000800000000)
  region size 2048K, 2 young (4096K), 2 survivors (4096K)
 Metaspace       used 110681K, committed 111360K, reserved 1179648K
  class space    used 15938K, committed 16384K, reserved 1048576K
}
Event: 11601.556 GC heap before
{Heap before GC invocations=459 (full 65):
 garbage-first heap   total 524288K, used 191669K [0x0000000701800000, 0x0000000800000000)
  region size 2048K, 40 young (81920K), 2 survivors (4096K)
 Metaspace       used 110684K, committed 111360K, reserved 1179648K
  class space    used 15938K, committed 16384K, reserved 1048576K
}
Event: 11601.567 GC heap after
{Heap after GC invocations=460 (full 65):
 garbage-first heap   total 524288K, used 113019K [0x0000000701800000, 0x0000000800000000)
  region size 2048K, 1 young (2048K), 1 survivors (2048K)
 Metaspace       used 110684K, committed 111360K, reserved 1179648K
  class space    used 15938K, committed 16384K, reserved 1048576K
}
Event: 11610.150 GC heap before
{Heap before GC invocations=460 (full 65):
 garbage-first heap   total 524288K, used 192891K [0x0000000701800000, 0x0000000800000000)
  region size 2048K, 40 young (81920K), 1 survivors (2048K)
 Metaspace       used 110684K, committed 111360K, reserved 1179648K
  class space    used 15938K, committed 16384K, reserved 1048576K
}
Event: 11610.152 GC heap after
{Heap after GC invocations=461 (full 65):
 garbage-first heap   total 524288K, used 113528K [0x0000000701800000, 0x0000000800000000)
  region size 2048K, 2 young (4096K), 2 survivors (4096K)
 Metaspace       used 110684K, committed 111360K, reserved 1179648K
  class space    used 15938K, committed 16384K, reserved 1048576K
}
Event: 11612.150 GC heap before
{Heap before GC invocations=461 (full 65):
 garbage-first heap   total 524288K, used 191352K [0x0000000701800000, 0x0000000800000000)
  region size 2048K, 40 young (81920K), 2 survivors (4096K)
 Metaspace       used 110685K, committed 111360K, reserved 1179648K
  class space    used 15938K, committed 16384K, reserved 1048576K
}
Event: 11612.155 GC heap after
{Heap after GC invocations=462 (full 65):
 garbage-first heap   total 524288K, used 114220K [0x0000000701800000, 0x0000000800000000)
  region size 2048K, 2 young (4096K), 2 survivors (4096K)
 Metaspace       used 110685K, committed 111360K, reserved 1179648K
  class space    used 15938K, committed 16384K, reserved 1048576K
}

